0 info it worked if it ends with ok
1 verbose cli [ '/usr/bin/node',
1 verbose cli   '/usr/lib/node_modules/pm2/lib/ProcessContainerFork.js',
1 verbose cli   'start' ]
2 info using npm@3.10.10
3 info using node@v6.14.3
4 verbose run-script [ 'prestart', 'start', 'poststart' ]
5 info lifecycle ping@0.0.1~prestart: ping@0.0.1
6 silly lifecycle ping@0.0.1~prestart: no script for prestart, continuing
7 info lifecycle ping@0.0.1~start: ping@0.0.1
8 verbose lifecycle ping@0.0.1~start: unsafe-perm in lifecycle true
9 verbose lifecycle ping@0.0.1~start: PATH: /usr/lib/node_modules/npm/bin/node-gyp-bin:/servers/nodes/ping/node_modules/.bin:/usr/local/sbin:/usr/local/bin:/usr/sbin:/usr/bin:/root/bin
10 verbose lifecycle ping@0.0.1~start: CWD: /servers/nodes/ping
11 silly lifecycle ping@0.0.1~start: Args: [ '-c', 'node ./bin/www' ]
12 silly lifecycle ping@0.0.1~start: Returned: code: 1  signal: null
13 info lifecycle ping@0.0.1~start: Failed to exec start script
14 verbose stack Error: ping@0.0.1 start: `node ./bin/www`
14 verbose stack Exit status 1
14 verbose stack     at EventEmitter.<anonymous> (/usr/lib/node_modules/npm/lib/utils/lifecycle.js:255:16)
14 verbose stack     at emitTwo (events.js:106:13)
14 verbose stack     at EventEmitter.emit (events.js:191:7)
14 verbose stack     at ChildProcess.<anonymous> (/usr/lib/node_modules/npm/lib/utils/spawn.js:40:14)
14 verbose stack     at emitTwo (events.js:106:13)
14 verbose stack     at ChildProcess.emit (events.js:191:7)
14 verbose stack     at maybeClose (internal/child_process.js:920:16)
14 verbose stack     at Process.ChildProcess._handle.onexit (internal/child_process.js:230:5)
15 verbose pkgid ping@0.0.1
16 verbose cwd /servers/nodes/ping
17 error Linux 3.10.0-862.14.4.el7.x86_64
18 error argv "/usr/bin/node" "/usr/lib/node_modules/pm2/lib/ProcessContainerFork.js" "start"
19 error node v6.14.3
20 error npm  v3.10.10
21 error code ELIFECYCLE
22 error ping@0.0.1 start: `node ./bin/www`
22 error Exit status 1
23 error Failed at the ping@0.0.1 start script 'node ./bin/www'.
23 error Make sure you have the latest version of node.js and npm installed.
23 error If you do, this is most likely a problem with the ping package,
23 error not with npm itself.
23 error Tell the author that this fails on your system:
23 error     node ./bin/www
23 error You can get information on how to open an issue for this project with:
23 error     npm bugs ping
23 error Or if that isn't available, you can get their info via:
23 error     npm owner ls ping
23 error There is likely additional logging output above.
24 verbose exit [ 1, true ]
